<?xml version="1.0" encoding="UTF-8"?>
<!-- Generated by org.testng.reporters.JUnitReportReporter -->
<testsuite skipped="1" hostname="DESKTOP-VL46Q6V" name="com.qa.linkedin.testcases.SearchDataDrivenTest" tests="2" failures="0" timestamp="2022-04-01T07:30:47 IST" time="18.708" errors="0">
  <testcase name="doLoginTest" time="18.708" classname="com.qa.linkedin.testcases.SearchDataDrivenTest"/>
  <system-out/>
  <testcase name="searchPeopleTest" time="0.000" classname="com.qa.linkedin.testcases.SearchDataDrivenTest">
    <skipped/>
  </testcase> <!-- searchPeopleTest -->
  <system-out/>
</testsuite> <!-- com.qa.linkedin.testcases.SearchDataDrivenTest -->
